<?xml version="1.0" encoding="UTF-8"?>
<testng-results skipped="1" failed="0" total="1" passed="0">
  <reporter-output>
  </reporter-output>
  <suite name="Default suite" duration-ms="750" started-at="2016-08-17T05:51:34Z" finished-at="2016-08-17T05:51:35Z">
    <groups>
    </groups>
    <test name="Default test" duration-ms="750" started-at="2016-08-17T05:51:34Z" finished-at="2016-08-17T05:51:35Z">
      <class name="testCases.Framework_001">
        <test-method status="FAIL" signature="beforeMethod()[pri:0, instance:testCases.Framework_001@23a2f9]" name="beforeMethod" is-config="true" duration-ms="0" started-at="2016-08-17T11:21:34Z" finished-at="2016-08-17T11:21:34Z">
          <exception class="java.io.FileNotFoundException">
            <message>
              <![CDATA[D:\ToolsQA\OnlineStore\src\testData\TestData.xlsx (The device is not ready)]]>
            </message>
            <full-stacktrace>
              <![CDATA[java.io.FileNotFoundException: D:\ToolsQA\OnlineStore\src\testData\TestData.xlsx (The device is not ready)
	at java.io.FileInputStream.open0(Native Method)
	at java.io.FileInputStream.open(Unknown Source)
	at java.io.FileInputStream.<init>(Unknown Source)
	at java.io.FileInputStream.<init>(Unknown Source)
	at utility.ExcelUtils.setExcelFile(ExcelUtils.java:18)
	at testCases.Framework_001.beforeMethod(Framework_001.java:49)
	at sun.reflect.NativeMethodAccessorImpl.invoke0(Native Method)
	at sun.reflect.NativeMethodAccessorImpl.invoke(Unknown Source)
	at sun.reflect.DelegatingMethodAccessorImpl.invoke(Unknown Source)
	at java.lang.reflect.Method.invoke(Unknown Source)
	at org.testng.internal.MethodInvocationHelper.invokeMethod(MethodInvocationHelper.java:85)
	at org.testng.internal.Invoker.invokeConfigurationMethod(Invoker.java:510)
	at org.testng.internal.Invoker.invokeConfigurations(Invoker.java:211)
	at org.testng.internal.Invoker.invokeMethod(Invoker.java:585)
	at org.testng.internal.Invoker.invokeTestMethod(Invoker.java:816)
	at org.testng.internal.Invoker.invokeTestMethods(Invoker.java:1124)
	at org.testng.internal.TestMethodWorker.invokeTestMethods(TestMethodWorker.java:125)
	at org.testng.internal.TestMethodWorker.run(TestMethodWorker.java:108)
	at org.testng.TestRunner.privateRun(TestRunner.java:774)
	at org.testng.TestRunner.run(TestRunner.java:624)
	at org.testng.SuiteRunner.runTest(SuiteRunner.java:359)
	at org.testng.SuiteRunner.runSequentially(SuiteRunner.java:354)
	at org.testng.SuiteRunner.privateRun(SuiteRunner.java:312)
	at org.testng.SuiteRunner.run(SuiteRunner.java:261)
	at org.testng.SuiteRunnerWorker.runSuite(SuiteRunnerWorker.java:52)
	at org.testng.SuiteRunnerWorker.run(SuiteRunnerWorker.java:86)
	at org.testng.TestNG.runSuitesSequentially(TestNG.java:1215)
	at org.testng.TestNG.runSuitesLocally(TestNG.java:1140)
	at org.testng.TestNG.run(TestNG.java:1048)
	at org.testng.remote.AbstractRemoteTestNG.run(AbstractRemoteTestNG.java:126)
	at org.testng.remote.RemoteTestNG.initAndRun(RemoteTestNG.java:137)
	at org.testng.remote.RemoteTestNG.main(RemoteTestNG.java:58)
]]>
            </full-stacktrace>
          </exception> <!-- java.io.FileNotFoundException -->
          <reporter-output>
          </reporter-output>
        </test-method> <!-- beforeMethod -->
        <test-method status="SKIP" signature="main()[pri:0, instance:testCases.Framework_001@23a2f9]" name="main" duration-ms="16" started-at="2016-08-17T11:21:35Z" finished-at="2016-08-17T11:21:35Z">
          <reporter-output>
          </reporter-output>
        </test-method> <!-- main -->
        <test-method status="SKIP" signature="afterMethod()[pri:0, instance:testCases.Framework_001@23a2f9]" name="afterMethod" is-config="true" duration-ms="0" started-at="2016-08-17T11:21:35Z" finished-at="2016-08-17T11:21:35Z">
          <reporter-output>
          </reporter-output>
        </test-method> <!-- afterMethod -->
      </class> <!-- testCases.Framework_001 -->
    </test> <!-- Default test -->
  </suite> <!-- Default suite -->
</testng-results>
